[0.143s] DEBUG:colcon:Command line arguments: ['/home/benoit/.virtualenvs/env3.12/bin/colcon', 'build', '--cmake-args', '-DBUILD_TESTING=OFF', '--merge-install']
[0.143s] DEBUG:colcon:Parsed command line arguments: Namespace(log_base=None, log_level=None, verb_name='build', build_base='build', install_base='install', merge_install=True, symlink_install=False, test_result_base=None, continue_on_error=False, executor='parallel', parallel_workers=16, event_handlers=None, ignore_user_meta=False, metas=['./colcon.meta'], base_paths=['.'], packages_ignore=None, packages_ignore_regex=None, paths=None, packages_up_to=None, packages_up_to_regex=None, packages_above=None, packages_above_and_dependencies=None, packages_above_depth=None, packages_select_by_dep=None, packages_skip_by_dep=None, packages_skip_up_to=None, packages_select_build_failed=False, packages_skip_build_finished=False, packages_select_test_failures=False, packages_skip_test_passed=False, packages_select=None, packages_skip=None, packages_select_regex=None, packages_skip_regex=None, packages_start=None, packages_end=None, cmake_args=['-DBUILD_TESTING=OFF'], cmake_target=None, cmake_target_skip_unavailable=False, cmake_clean_cache=False, cmake_clean_first=False, cmake_force_configure=False, ament_cmake_args=None, catkin_cmake_args=None, catkin_skip_building_tests=False, verb_parser=<colcon_defaults.argument_parser.defaults.DefaultArgumentsDecorator object at 0x7b12585c2e70>, verb_extension=<colcon_core.verb.build.BuildVerb object at 0x7b12585c2300>, main=<bound method BuildVerb.main of <colcon_core.verb.build.BuildVerb object at 0x7b12585c2300>>)
[0.174s] Level 1:colcon.colcon_core.package_discovery:discover_packages(colcon_meta) check parameters
[0.174s] Level 1:colcon.colcon_core.package_discovery:discover_packages(recursive) check parameters
[0.174s] Level 1:colcon.colcon_core.package_discovery:discover_packages(ignore) check parameters
[0.174s] Level 1:colcon.colcon_core.package_discovery:discover_packages(path) check parameters
[0.174s] Level 1:colcon.colcon_core.package_discovery:discover_packages(colcon_meta) discover
[0.174s] Level 1:colcon.colcon_core.package_discovery:discover_packages(recursive) discover
[0.174s] INFO:colcon.colcon_core.package_discovery:Crawling recursively for packages in '/home/benoit/programmation/projects/uav'
[0.175s] Level 1:colcon.colcon_core.package_identification:_identify(.) by extensions ['ignore', 'ignore_ament_install']
[0.175s] Level 1:colcon.colcon_core.package_identification:_identify(.) by extension 'ignore'
[0.175s] Level 1:colcon.colcon_core.package_identification:_identify(.) by extension 'ignore_ament_install'
[0.175s] Level 1:colcon.colcon_core.package_identification:_identify(.) by extensions ['colcon_pkg']
[0.175s] Level 1:colcon.colcon_core.package_identification:_identify(.) by extension 'colcon_pkg'
[0.175s] Level 1:colcon.colcon_core.package_identification:_identify(.) by extensions ['colcon_meta']
[0.175s] Level 1:colcon.colcon_core.package_identification:_identify(.) by extension 'colcon_meta'
[0.175s] Level 1:colcon.colcon_core.package_identification:_identify(.) by extensions ['ros']
[0.175s] Level 1:colcon.colcon_core.package_identification:_identify(.) by extension 'ros'
[0.198s] Level 1:colcon.colcon_core.package_identification:_identify(.) by extensions ['cmake', 'python']
[0.198s] Level 1:colcon.colcon_core.package_identification:_identify(.) by extension 'cmake'
[0.198s] Level 1:colcon.colcon_core.package_identification:_identify(.) by extension 'python'
[0.198s] Level 1:colcon.colcon_core.package_identification:_identify(.) by extensions ['python_setup_py']
[0.198s] Level 1:colcon.colcon_core.package_identification:_identify(.) by extension 'python_setup_py'
[0.198s] Level 1:colcon.colcon_core.package_identification:_identify(build) by extensions ['ignore', 'ignore_ament_install']
[0.198s] Level 1:colcon.colcon_core.package_identification:_identify(build) by extension 'ignore'
[0.199s] Level 1:colcon.colcon_core.package_identification:_identify(build) ignored
[0.199s] Level 1:colcon.colcon_core.package_identification:_identify(data) by extensions ['ignore', 'ignore_ament_install']
[0.199s] Level 1:colcon.colcon_core.package_identification:_identify(data) by extension 'ignore'
[0.199s] Level 1:colcon.colcon_core.package_identification:_identify(data) by extension 'ignore_ament_install'
[0.199s] Level 1:colcon.colcon_core.package_identification:_identify(data) by extensions ['colcon_pkg']
[0.199s] Level 1:colcon.colcon_core.package_identification:_identify(data) by extension 'colcon_pkg'
[0.199s] Level 1:colcon.colcon_core.package_identification:_identify(data) by extensions ['colcon_meta']
[0.199s] Level 1:colcon.colcon_core.package_identification:_identify(data) by extension 'colcon_meta'
[0.199s] Level 1:colcon.colcon_core.package_identification:_identify(data) by extensions ['ros']
[0.199s] Level 1:colcon.colcon_core.package_identification:_identify(data) by extension 'ros'
[0.199s] Level 1:colcon.colcon_core.package_identification:_identify(data) by extensions ['cmake', 'python']
[0.199s] Level 1:colcon.colcon_core.package_identification:_identify(data) by extension 'cmake'
[0.199s] Level 1:colcon.colcon_core.package_identification:_identify(data) by extension 'python'
[0.199s] Level 1:colcon.colcon_core.package_identification:_identify(data) by extensions ['python_setup_py']
[0.199s] Level 1:colcon.colcon_core.package_identification:_identify(data) by extension 'python_setup_py'
[0.199s] Level 1:colcon.colcon_core.package_identification:_identify(data/101SIYI_IMG) by extensions ['ignore', 'ignore_ament_install']
[0.199s] Level 1:colcon.colcon_core.package_identification:_identify(data/101SIYI_IMG) by extension 'ignore'
[0.199s] Level 1:colcon.colcon_core.package_identification:_identify(data/101SIYI_IMG) by extension 'ignore_ament_install'
[0.199s] Level 1:colcon.colcon_core.package_identification:_identify(data/101SIYI_IMG) by extensions ['colcon_pkg']
[0.199s] Level 1:colcon.colcon_core.package_identification:_identify(data/101SIYI_IMG) by extension 'colcon_pkg'
[0.199s] Level 1:colcon.colcon_core.package_identification:_identify(data/101SIYI_IMG) by extensions ['colcon_meta']
[0.199s] Level 1:colcon.colcon_core.package_identification:_identify(data/101SIYI_IMG) by extension 'colcon_meta'
[0.200s] Level 1:colcon.colcon_core.package_identification:_identify(data/101SIYI_IMG) by extensions ['ros']
[0.200s] Level 1:colcon.colcon_core.package_identification:_identify(data/101SIYI_IMG) by extension 'ros'
[0.200s] Level 1:colcon.colcon_core.package_identification:_identify(data/101SIYI_IMG) by extensions ['cmake', 'python']
[0.200s] Level 1:colcon.colcon_core.package_identification:_identify(data/101SIYI_IMG) by extension 'cmake'
[0.200s] Level 1:colcon.colcon_core.package_identification:_identify(data/101SIYI_IMG) by extension 'python'
[0.200s] Level 1:colcon.colcon_core.package_identification:_identify(data/101SIYI_IMG) by extensions ['python_setup_py']
[0.200s] Level 1:colcon.colcon_core.package_identification:_identify(data/101SIYI_IMG) by extension 'python_setup_py'
[0.200s] Level 1:colcon.colcon_core.package_identification:_identify(data/cam) by extensions ['ignore', 'ignore_ament_install']
[0.200s] Level 1:colcon.colcon_core.package_identification:_identify(data/cam) by extension 'ignore'
[0.200s] Level 1:colcon.colcon_core.package_identification:_identify(data/cam) by extension 'ignore_ament_install'
[0.200s] Level 1:colcon.colcon_core.package_identification:_identify(data/cam) by extensions ['colcon_pkg']
[0.200s] Level 1:colcon.colcon_core.package_identification:_identify(data/cam) by extension 'colcon_pkg'
[0.200s] Level 1:colcon.colcon_core.package_identification:_identify(data/cam) by extensions ['colcon_meta']
[0.200s] Level 1:colcon.colcon_core.package_identification:_identify(data/cam) by extension 'colcon_meta'
[0.200s] Level 1:colcon.colcon_core.package_identification:_identify(data/cam) by extensions ['ros']
[0.200s] Level 1:colcon.colcon_core.package_identification:_identify(data/cam) by extension 'ros'
[0.200s] Level 1:colcon.colcon_core.package_identification:_identify(data/cam) by extensions ['cmake', 'python']
[0.200s] Level 1:colcon.colcon_core.package_identification:_identify(data/cam) by extension 'cmake'
[0.200s] Level 1:colcon.colcon_core.package_identification:_identify(data/cam) by extension 'python'
[0.200s] Level 1:colcon.colcon_core.package_identification:_identify(data/cam) by extensions ['python_setup_py']
[0.200s] Level 1:colcon.colcon_core.package_identification:_identify(data/cam) by extension 'python_setup_py'
[0.201s] Level 1:colcon.colcon_core.package_identification:_identify(data/cam/101SIYI_IMG) by extensions ['ignore', 'ignore_ament_install']
[0.201s] Level 1:colcon.colcon_core.package_identification:_identify(data/cam/101SIYI_IMG) by extension 'ignore'
[0.201s] Level 1:colcon.colcon_core.package_identification:_identify(data/cam/101SIYI_IMG) by extension 'ignore_ament_install'
[0.201s] Level 1:colcon.colcon_core.package_identification:_identify(data/cam/101SIYI_IMG) by extensions ['colcon_pkg']
[0.201s] Level 1:colcon.colcon_core.package_identification:_identify(data/cam/101SIYI_IMG) by extension 'colcon_pkg'
[0.201s] Level 1:colcon.colcon_core.package_identification:_identify(data/cam/101SIYI_IMG) by extensions ['colcon_meta']
[0.201s] Level 1:colcon.colcon_core.package_identification:_identify(data/cam/101SIYI_IMG) by extension 'colcon_meta'
[0.201s] Level 1:colcon.colcon_core.package_identification:_identify(data/cam/101SIYI_IMG) by extensions ['ros']
[0.201s] Level 1:colcon.colcon_core.package_identification:_identify(data/cam/101SIYI_IMG) by extension 'ros'
[0.201s] Level 1:colcon.colcon_core.package_identification:_identify(data/cam/101SIYI_IMG) by extensions ['cmake', 'python']
[0.201s] Level 1:colcon.colcon_core.package_identification:_identify(data/cam/101SIYI_IMG) by extension 'cmake'
[0.201s] Level 1:colcon.colcon_core.package_identification:_identify(data/cam/101SIYI_IMG) by extension 'python'
[0.201s] Level 1:colcon.colcon_core.package_identification:_identify(data/cam/101SIYI_IMG) by extensions ['python_setup_py']
[0.201s] Level 1:colcon.colcon_core.package_identification:_identify(data/cam/101SIYI_IMG) by extension 'python_setup_py'
[0.201s] Level 1:colcon.colcon_core.package_identification:_identify(data/computer_vision) by extensions ['ignore', 'ignore_ament_install']
[0.201s] Level 1:colcon.colcon_core.package_identification:_identify(data/computer_vision) by extension 'ignore'
[0.201s] Level 1:colcon.colcon_core.package_identification:_identify(data/computer_vision) by extension 'ignore_ament_install'
[0.201s] Level 1:colcon.colcon_core.package_identification:_identify(data/computer_vision) by extensions ['colcon_pkg']
[0.201s] Level 1:colcon.colcon_core.package_identification:_identify(data/computer_vision) by extension 'colcon_pkg'
[0.201s] Level 1:colcon.colcon_core.package_identification:_identify(data/computer_vision) by extensions ['colcon_meta']
[0.201s] Level 1:colcon.colcon_core.package_identification:_identify(data/computer_vision) by extension 'colcon_meta'
[0.201s] Level 1:colcon.colcon_core.package_identification:_identify(data/computer_vision) by extensions ['ros']
[0.201s] Level 1:colcon.colcon_core.package_identification:_identify(data/computer_vision) by extension 'ros'
[0.202s] Level 1:colcon.colcon_core.package_identification:_identify(data/computer_vision) by extensions ['cmake', 'python']
[0.202s] Level 1:colcon.colcon_core.package_identification:_identify(data/computer_vision) by extension 'cmake'
[0.202s] Level 1:colcon.colcon_core.package_identification:_identify(data/computer_vision) by extension 'python'
[0.202s] Level 1:colcon.colcon_core.package_identification:_identify(data/computer_vision) by extensions ['python_setup_py']
[0.202s] Level 1:colcon.colcon_core.package_identification:_identify(data/computer_vision) by extension 'python_setup_py'
[0.202s] Level 1:colcon.colcon_core.package_identification:_identify(data/computer_vision/try3) by extensions ['ignore', 'ignore_ament_install']
[0.202s] Level 1:colcon.colcon_core.package_identification:_identify(data/computer_vision/try3) by extension 'ignore'
[0.202s] Level 1:colcon.colcon_core.package_identification:_identify(data/computer_vision/try3) by extension 'ignore_ament_install'
[0.202s] Level 1:colcon.colcon_core.package_identification:_identify(data/computer_vision/try3) by extensions ['colcon_pkg']
[0.202s] Level 1:colcon.colcon_core.package_identification:_identify(data/computer_vision/try3) by extension 'colcon_pkg'
[0.202s] Level 1:colcon.colcon_core.package_identification:_identify(data/computer_vision/try3) by extensions ['colcon_meta']
[0.202s] Level 1:colcon.colcon_core.package_identification:_identify(data/computer_vision/try3) by extension 'colcon_meta'
[0.202s] Level 1:colcon.colcon_core.package_identification:_identify(data/computer_vision/try3) by extensions ['ros']
[0.202s] Level 1:colcon.colcon_core.package_identification:_identify(data/computer_vision/try3) by extension 'ros'
[0.202s] Level 1:colcon.colcon_core.package_identification:_identify(data/computer_vision/try3) by extensions ['cmake', 'python']
[0.202s] Level 1:colcon.colcon_core.package_identification:_identify(data/computer_vision/try3) by extension 'cmake'
[0.202s] Level 1:colcon.colcon_core.package_identification:_identify(data/computer_vision/try3) by extension 'python'
[0.202s] Level 1:colcon.colcon_core.package_identification:_identify(data/computer_vision/try3) by extensions ['python_setup_py']
[0.202s] Level 1:colcon.colcon_core.package_identification:_identify(data/computer_vision/try3) by extension 'python_setup_py'
[0.202s] Level 1:colcon.colcon_core.package_identification:_identify(data/data_cv2) by extensions ['ignore', 'ignore_ament_install']
[0.202s] Level 1:colcon.colcon_core.package_identification:_identify(data/data_cv2) by extension 'ignore'
[0.202s] Level 1:colcon.colcon_core.package_identification:_identify(data/data_cv2) by extension 'ignore_ament_install'
[0.203s] Level 1:colcon.colcon_core.package_identification:_identify(data/data_cv2) by extensions ['colcon_pkg']
[0.203s] Level 1:colcon.colcon_core.package_identification:_identify(data/data_cv2) by extension 'colcon_pkg'
[0.203s] Level 1:colcon.colcon_core.package_identification:_identify(data/data_cv2) by extensions ['colcon_meta']
[0.203s] Level 1:colcon.colcon_core.package_identification:_identify(data/data_cv2) by extension 'colcon_meta'
[0.203s] Level 1:colcon.colcon_core.package_identification:_identify(data/data_cv2) by extensions ['ros']
[0.203s] Level 1:colcon.colcon_core.package_identification:_identify(data/data_cv2) by extension 'ros'
[0.203s] Level 1:colcon.colcon_core.package_identification:_identify(data/data_cv2) by extensions ['cmake', 'python']
[0.203s] Level 1:colcon.colcon_core.package_identification:_identify(data/data_cv2) by extension 'cmake'
[0.203s] Level 1:colcon.colcon_core.package_identification:_identify(data/data_cv2) by extension 'python'
[0.203s] Level 1:colcon.colcon_core.package_identification:_identify(data/data_cv2) by extensions ['python_setup_py']
[0.203s] Level 1:colcon.colcon_core.package_identification:_identify(data/data_cv2) by extension 'python_setup_py'
[0.203s] Level 1:colcon.colcon_core.package_identification:_identify(data/drone) by extensions ['ignore', 'ignore_ament_install']
[0.203s] Level 1:colcon.colcon_core.package_identification:_identify(data/drone) by extension 'ignore'
[0.203s] Level 1:colcon.colcon_core.package_identification:_identify(data/drone) by extension 'ignore_ament_install'
[0.203s] Level 1:colcon.colcon_core.package_identification:_identify(data/drone) by extensions ['colcon_pkg']
[0.203s] Level 1:colcon.colcon_core.package_identification:_identify(data/drone) by extension 'colcon_pkg'
[0.203s] Level 1:colcon.colcon_core.package_identification:_identify(data/drone) by extensions ['colcon_meta']
[0.203s] Level 1:colcon.colcon_core.package_identification:_identify(data/drone) by extension 'colcon_meta'
[0.203s] Level 1:colcon.colcon_core.package_identification:_identify(data/drone) by extensions ['ros']
[0.203s] Level 1:colcon.colcon_core.package_identification:_identify(data/drone) by extension 'ros'
[0.203s] Level 1:colcon.colcon_core.package_identification:_identify(data/drone) by extensions ['cmake', 'python']
[0.203s] Level 1:colcon.colcon_core.package_identification:_identify(data/drone) by extension 'cmake'
[0.203s] Level 1:colcon.colcon_core.package_identification:_identify(data/drone) by extension 'python'
[0.203s] Level 1:colcon.colcon_core.package_identification:_identify(data/drone) by extensions ['python_setup_py']
[0.203s] Level 1:colcon.colcon_core.package_identification:_identify(data/drone) by extension 'python_setup_py'
[0.203s] Level 1:colcon.colcon_core.package_identification:_identify(install) by extensions ['ignore', 'ignore_ament_install']
[0.204s] Level 1:colcon.colcon_core.package_identification:_identify(install) by extension 'ignore'
[0.204s] Level 1:colcon.colcon_core.package_identification:_identify(install) ignored
[0.204s] Level 1:colcon.colcon_core.package_identification:_identify(log) by extensions ['ignore', 'ignore_ament_install']
[0.204s] Level 1:colcon.colcon_core.package_identification:_identify(log) by extension 'ignore'
[0.204s] Level 1:colcon.colcon_core.package_identification:_identify(log) ignored
[0.204s] Level 1:colcon.colcon_core.package_identification:_identify(node) by extensions ['ignore', 'ignore_ament_install']
[0.204s] Level 1:colcon.colcon_core.package_identification:_identify(node) by extension 'ignore'
[0.204s] Level 1:colcon.colcon_core.package_identification:_identify(node) by extension 'ignore_ament_install'
[0.204s] Level 1:colcon.colcon_core.package_identification:_identify(node) by extensions ['colcon_pkg']
[0.204s] Level 1:colcon.colcon_core.package_identification:_identify(node) by extension 'colcon_pkg'
[0.204s] Level 1:colcon.colcon_core.package_identification:_identify(node) by extensions ['colcon_meta']
[0.204s] Level 1:colcon.colcon_core.package_identification:_identify(node) by extension 'colcon_meta'
[0.204s] Level 1:colcon.colcon_core.package_identification:_identify(node) by extensions ['ros']
[0.204s] Level 1:colcon.colcon_core.package_identification:_identify(node) by extension 'ros'
[0.204s] Level 1:colcon.colcon_core.package_identification:_identify(node) by extensions ['cmake', 'python']
[0.204s] Level 1:colcon.colcon_core.package_identification:_identify(node) by extension 'cmake'
[0.204s] Level 1:colcon.colcon_core.package_identification:_identify(node) by extension 'python'
[0.204s] Level 1:colcon.colcon_core.package_identification:_identify(node) by extensions ['python_setup_py']
[0.204s] Level 1:colcon.colcon_core.package_identification:_identify(node) by extension 'python_setup_py'
[0.204s] Level 1:colcon.colcon_core.package_identification:_identify(node/node_modules) by extensions ['ignore', 'ignore_ament_install']
[0.204s] Level 1:colcon.colcon_core.package_identification:_identify(node/node_modules) by extension 'ignore'
[0.204s] Level 1:colcon.colcon_core.package_identification:_identify(node/node_modules) by extension 'ignore_ament_install'
[0.205s] Level 1:colcon.colcon_core.package_identification:_identify(node/node_modules) by extensions ['colcon_pkg']
[0.205s] Level 1:colcon.colcon_core.package_identification:_identify(node/node_modules) by extension 'colcon_pkg'
[0.205s] Level 1:colcon.colcon_core.package_identification:_identify(node/node_modules) by extensions ['colcon_meta']
[0.205s] Level 1:colcon.colcon_core.package_identification:_identify(node/node_modules) by extension 'colcon_meta'
[0.205s] Level 1:colcon.colcon_core.package_identification:_identify(node/node_modules) by extensions ['ros']
[0.205s] Level 1:colcon.colcon_core.package_identification:_identify(node/node_modules) by extension 'ros'
[0.205s] Level 1:colcon.colcon_core.package_identification:_identify(node/node_modules) by extensions ['cmake', 'python']
[0.205s] Level 1:colcon.colcon_core.package_identification:_identify(node/node_modules) by extension 'cmake'
[0.205s] Level 1:colcon.colcon_core.package_identification:_identify(node/node_modules) by extension 'python'
[0.205s] Level 1:colcon.colcon_core.package_identification:_identify(node/node_modules) by extensions ['python_setup_py']
[0.205s] Level 1:colcon.colcon_core.package_identification:_identify(node/node_modules) by extension 'python_setup_py'
[0.205s] Level 1:colcon.colcon_core.package_identification:_identify(node/node_modules/mp4box) by extensions ['ignore', 'ignore_ament_install']
[0.205s] Level 1:colcon.colcon_core.package_identification:_identify(node/node_modules/mp4box) by extension 'ignore'
[0.205s] Level 1:colcon.colcon_core.package_identification:_identify(node/node_modules/mp4box) by extension 'ignore_ament_install'
[0.205s] Level 1:colcon.colcon_core.package_identification:_identify(node/node_modules/mp4box) by extensions ['colcon_pkg']
[0.205s] Level 1:colcon.colcon_core.package_identification:_identify(node/node_modules/mp4box) by extension 'colcon_pkg'
[0.205s] Level 1:colcon.colcon_core.package_identification:_identify(node/node_modules/mp4box) by extensions ['colcon_meta']
[0.205s] Level 1:colcon.colcon_core.package_identification:_identify(node/node_modules/mp4box) by extension 'colcon_meta'
[0.205s] Level 1:colcon.colcon_core.package_identification:_identify(node/node_modules/mp4box) by extensions ['ros']
[0.205s] Level 1:colcon.colcon_core.package_identification:_identify(node/node_modules/mp4box) by extension 'ros'
[0.205s] Level 1:colcon.colcon_core.package_identification:_identify(node/node_modules/mp4box) by extensions ['cmake', 'python']
[0.205s] Level 1:colcon.colcon_core.package_identification:_identify(node/node_modules/mp4box) by extension 'cmake'
[0.205s] Level 1:colcon.colcon_core.package_identification:_identify(node/node_modules/mp4box) by extension 'python'
[0.205s] Level 1:colcon.colcon_core.package_identification:_identify(node/node_modules/mp4box) by extensions ['python_setup_py']
[0.205s] Level 1:colcon.colcon_core.package_identification:_identify(node/node_modules/mp4box) by extension 'python_setup_py'
[0.206s] Level 1:colcon.colcon_core.package_identification:_identify(node/node_modules/mp4box/dist) by extensions ['ignore', 'ignore_ament_install']
[0.206s] Level 1:colcon.colcon_core.package_identification:_identify(node/node_modules/mp4box/dist) by extension 'ignore'
[0.206s] Level 1:colcon.colcon_core.package_identification:_identify(node/node_modules/mp4box/dist) by extension 'ignore_ament_install'
[0.206s] Level 1:colcon.colcon_core.package_identification:_identify(node/node_modules/mp4box/dist) by extensions ['colcon_pkg']
[0.206s] Level 1:colcon.colcon_core.package_identification:_identify(node/node_modules/mp4box/dist) by extension 'colcon_pkg'
[0.206s] Level 1:colcon.colcon_core.package_identification:_identify(node/node_modules/mp4box/dist) by extensions ['colcon_meta']
[0.206s] Level 1:colcon.colcon_core.package_identification:_identify(node/node_modules/mp4box/dist) by extension 'colcon_meta'
[0.206s] Level 1:colcon.colcon_core.package_identification:_identify(node/node_modules/mp4box/dist) by extensions ['ros']
[0.206s] Level 1:colcon.colcon_core.package_identification:_identify(node/node_modules/mp4box/dist) by extension 'ros'
[0.206s] Level 1:colcon.colcon_core.package_identification:_identify(node/node_modules/mp4box/dist) by extensions ['cmake', 'python']
[0.206s] Level 1:colcon.colcon_core.package_identification:_identify(node/node_modules/mp4box/dist) by extension 'cmake'
[0.206s] Level 1:colcon.colcon_core.package_identification:_identify(node/node_modules/mp4box/dist) by extension 'python'
[0.206s] Level 1:colcon.colcon_core.package_identification:_identify(node/node_modules/mp4box/dist) by extensions ['python_setup_py']
[0.206s] Level 1:colcon.colcon_core.package_identification:_identify(node/node_modules/mp4box/dist) by extension 'python_setup_py'
[0.206s] Level 1:colcon.colcon_core.package_identification:_identify(node/node_modules/mp4box/src) by extensions ['ignore', 'ignore_ament_install']
[0.206s] Level 1:colcon.colcon_core.package_identification:_identify(node/node_modules/mp4box/src) by extension 'ignore'
[0.206s] Level 1:colcon.colcon_core.package_identification:_identify(node/node_modules/mp4box/src) by extension 'ignore_ament_install'
[0.206s] Level 1:colcon.colcon_core.package_identification:_identify(node/node_modules/mp4box/src) by extensions ['colcon_pkg']
[0.206s] Level 1:colcon.colcon_core.package_identification:_identify(node/node_modules/mp4box/src) by extension 'colcon_pkg'
[0.206s] Level 1:colcon.colcon_core.package_identification:_identify(node/node_modules/mp4box/src) by extensions ['colcon_meta']
[0.206s] Level 1:colcon.colcon_core.package_identification:_identify(node/node_modules/mp4box/src) by extension 'colcon_meta'
[0.206s] Level 1:colcon.colcon_core.package_identification:_identify(node/node_modules/mp4box/src) by extensions ['ros']
[0.207s] Level 1:colcon.colcon_core.package_identification:_identify(node/node_modules/mp4box/src) by extension 'ros'
[0.207s] Level 1:colcon.colcon_core.package_identification:_identify(node/node_modules/mp4box/src) by extensions ['cmake', 'python']
[0.207s] Level 1:colcon.colcon_core.package_identification:_identify(node/node_modules/mp4box/src) by extension 'cmake'
[0.207s] Level 1:colcon.colcon_core.package_identification:_identify(node/node_modules/mp4box/src) by extension 'python'
[0.207s] Level 1:colcon.colcon_core.package_identification:_identify(node/node_modules/mp4box/src) by extensions ['python_setup_py']
[0.207s] Level 1:colcon.colcon_core.package_identification:_identify(node/node_modules/mp4box/src) by extension 'python_setup_py'
[0.207s] Level 1:colcon.colcon_core.package_identification:_identify(node/node_modules/mp4box/src/parsing) by extensions ['ignore', 'ignore_ament_install']
[0.207s] Level 1:colcon.colcon_core.package_identification:_identify(node/node_modules/mp4box/src/parsing) by extension 'ignore'
[0.207s] Level 1:colcon.colcon_core.package_identification:_identify(node/node_modules/mp4box/src/parsing) by extension 'ignore_ament_install'
[0.207s] Level 1:colcon.colcon_core.package_identification:_identify(node/node_modules/mp4box/src/parsing) by extensions ['colcon_pkg']
[0.207s] Level 1:colcon.colcon_core.package_identification:_identify(node/node_modules/mp4box/src/parsing) by extension 'colcon_pkg'
[0.207s] Level 1:colcon.colcon_core.package_identification:_identify(node/node_modules/mp4box/src/parsing) by extensions ['colcon_meta']
[0.207s] Level 1:colcon.colcon_core.package_identification:_identify(node/node_modules/mp4box/src/parsing) by extension 'colcon_meta'
[0.207s] Level 1:colcon.colcon_core.package_identification:_identify(node/node_modules/mp4box/src/parsing) by extensions ['ros']
[0.207s] Level 1:colcon.colcon_core.package_identification:_identify(node/node_modules/mp4box/src/parsing) by extension 'ros'
[0.207s] Level 1:colcon.colcon_core.package_identification:_identify(node/node_modules/mp4box/src/parsing) by extensions ['cmake', 'python']
[0.207s] Level 1:colcon.colcon_core.package_identification:_identify(node/node_modules/mp4box/src/parsing) by extension 'cmake'
[0.207s] Level 1:colcon.colcon_core.package_identification:_identify(node/node_modules/mp4box/src/parsing) by extension 'python'
[0.207s] Level 1:colcon.colcon_core.package_identification:_identify(node/node_modules/mp4box/src/parsing) by extensions ['python_setup_py']
[0.207s] Level 1:colcon.colcon_core.package_identification:_identify(node/node_modules/mp4box/src/parsing) by extension 'python_setup_py'
[0.208s] Level 1:colcon.colcon_core.package_identification:_identify(node/node_modules/mp4box/src/parsing/qt) by extensions ['ignore', 'ignore_ament_install']
[0.208s] Level 1:colcon.colcon_core.package_identification:_identify(node/node_modules/mp4box/src/parsing/qt) by extension 'ignore'
[0.208s] Level 1:colcon.colcon_core.package_identification:_identify(node/node_modules/mp4box/src/parsing/qt) by extension 'ignore_ament_install'
[0.208s] Level 1:colcon.colcon_core.package_identification:_identify(node/node_modules/mp4box/src/parsing/qt) by extensions ['colcon_pkg']
[0.208s] Level 1:colcon.colcon_core.package_identification:_identify(node/node_modules/mp4box/src/parsing/qt) by extension 'colcon_pkg'
[0.208s] Level 1:colcon.colcon_core.package_identification:_identify(node/node_modules/mp4box/src/parsing/qt) by extensions ['colcon_meta']
[0.208s] Level 1:colcon.colcon_core.package_identification:_identify(node/node_modules/mp4box/src/parsing/qt) by extension 'colcon_meta'
[0.208s] Level 1:colcon.colcon_core.package_identification:_identify(node/node_modules/mp4box/src/parsing/qt) by extensions ['ros']
[0.208s] Level 1:colcon.colcon_core.package_identification:_identify(node/node_modules/mp4box/src/parsing/qt) by extension 'ros'
[0.208s] Level 1:colcon.colcon_core.package_identification:_identify(node/node_modules/mp4box/src/parsing/qt) by extensions ['cmake', 'python']
[0.208s] Level 1:colcon.colcon_core.package_identification:_identify(node/node_modules/mp4box/src/parsing/qt) by extension 'cmake'
[0.208s] Level 1:colcon.colcon_core.package_identification:_identify(node/node_modules/mp4box/src/parsing/qt) by extension 'python'
[0.208s] Level 1:colcon.colcon_core.package_identification:_identify(node/node_modules/mp4box/src/parsing/qt) by extensions ['python_setup_py']
[0.208s] Level 1:colcon.colcon_core.package_identification:_identify(node/node_modules/mp4box/src/parsing/qt) by extension 'python_setup_py'
[0.208s] Level 1:colcon.colcon_core.package_identification:_identify(node/node_modules/mp4box/src/parsing/sampleentries) by extensions ['ignore', 'ignore_ament_install']
[0.208s] Level 1:colcon.colcon_core.package_identification:_identify(node/node_modules/mp4box/src/parsing/sampleentries) by extension 'ignore'
[0.208s] Level 1:colcon.colcon_core.package_identification:_identify(node/node_modules/mp4box/src/parsing/sampleentries) by extension 'ignore_ament_install'
[0.208s] Level 1:colcon.colcon_core.package_identification:_identify(node/node_modules/mp4box/src/parsing/sampleentries) by extensions ['colcon_pkg']
[0.208s] Level 1:colcon.colcon_core.package_identification:_identify(node/node_modules/mp4box/src/parsing/sampleentries) by extension 'colcon_pkg'
[0.208s] Level 1:colcon.colcon_core.package_identification:_identify(node/node_modules/mp4box/src/parsing/sampleentries) by extensions ['colcon_meta']
[0.208s] Level 1:colcon.colcon_core.package_identification:_identify(node/node_modules/mp4box/src/parsing/sampleentries) by extension 'colcon_meta'
[0.208s] Level 1:colcon.colcon_core.package_identification:_identify(node/node_modules/mp4box/src/parsing/sampleentries) by extensions ['ros']
[0.208s] Level 1:colcon.colcon_core.package_identification:_identify(node/node_modules/mp4box/src/parsing/sampleentries) by extension 'ros'
[0.209s] Level 1:colcon.colcon_core.package_identification:_identify(node/node_modules/mp4box/src/parsing/sampleentries) by extensions ['cmake', 'python']
[0.209s] Level 1:colcon.colcon_core.package_identification:_identify(node/node_modules/mp4box/src/parsing/sampleentries) by extension 'cmake'
[0.209s] Level 1:colcon.colcon_core.package_identification:_identify(node/node_modules/mp4box/src/parsing/sampleentries) by extension 'python'
[0.209s] Level 1:colcon.colcon_core.package_identification:_identify(node/node_modules/mp4box/src/parsing/sampleentries) by extensions ['python_setup_py']
[0.209s] Level 1:colcon.colcon_core.package_identification:_identify(node/node_modules/mp4box/src/parsing/sampleentries) by extension 'python_setup_py'
[0.209s] Level 1:colcon.colcon_core.package_identification:_identify(node/node_modules/mp4box/src/parsing/samplegroups) by extensions ['ignore', 'ignore_ament_install']
[0.209s] Level 1:colcon.colcon_core.package_identification:_identify(node/node_modules/mp4box/src/parsing/samplegroups) by extension 'ignore'
[0.209s] Level 1:colcon.colcon_core.package_identification:_identify(node/node_modules/mp4box/src/parsing/samplegroups) by extension 'ignore_ament_install'
[0.209s] Level 1:colcon.colcon_core.package_identification:_identify(node/node_modules/mp4box/src/parsing/samplegroups) by extensions ['colcon_pkg']
[0.209s] Level 1:colcon.colcon_core.package_identification:_identify(node/node_modules/mp4box/src/parsing/samplegroups) by extension 'colcon_pkg'
[0.209s] Level 1:colcon.colcon_core.package_identification:_identify(node/node_modules/mp4box/src/parsing/samplegroups) by extensions ['colcon_meta']
[0.209s] Level 1:colcon.colcon_core.package_identification:_identify(node/node_modules/mp4box/src/parsing/samplegroups) by extension 'colcon_meta'
[0.209s] Level 1:colcon.colcon_core.package_identification:_identify(node/node_modules/mp4box/src/parsing/samplegroups) by extensions ['ros']
[0.209s] Level 1:colcon.colcon_core.package_identification:_identify(node/node_modules/mp4box/src/parsing/samplegroups) by extension 'ros'
[0.209s] Level 1:colcon.colcon_core.package_identification:_identify(node/node_modules/mp4box/src/parsing/samplegroups) by extensions ['cmake', 'python']
[0.209s] Level 1:colcon.colcon_core.package_identification:_identify(node/node_modules/mp4box/src/parsing/samplegroups) by extension 'cmake'
[0.209s] Level 1:colcon.colcon_core.package_identification:_identify(node/node_modules/mp4box/src/parsing/samplegroups) by extension 'python'
[0.209s] Level 1:colcon.colcon_core.package_identification:_identify(node/node_modules/mp4box/src/parsing/samplegroups) by extensions ['python_setup_py']
[0.209s] Level 1:colcon.colcon_core.package_identification:_identify(node/node_modules/mp4box/src/parsing/samplegroups) by extension 'python_setup_py'
[0.209s] Level 1:colcon.colcon_core.package_identification:_identify(node/node_modules/mp4box/src/parsing/trackgroups) by extensions ['ignore', 'ignore_ament_install']
[0.209s] Level 1:colcon.colcon_core.package_identification:_identify(node/node_modules/mp4box/src/parsing/trackgroups) by extension 'ignore'
[0.210s] Level 1:colcon.colcon_core.package_identification:_identify(node/node_modules/mp4box/src/parsing/trackgroups) by extension 'ignore_ament_install'
[0.210s] Level 1:colcon.colcon_core.package_identification:_identify(node/node_modules/mp4box/src/parsing/trackgroups) by extensions ['colcon_pkg']
[0.210s] Level 1:colcon.colcon_core.package_identification:_identify(node/node_modules/mp4box/src/parsing/trackgroups) by extension 'colcon_pkg'
[0.210s] Level 1:colcon.colcon_core.package_identification:_identify(node/node_modules/mp4box/src/parsing/trackgroups) by extensions ['colcon_meta']
[0.210s] Level 1:colcon.colcon_core.package_identification:_identify(node/node_modules/mp4box/src/parsing/trackgroups) by extension 'colcon_meta'
[0.210s] Level 1:colcon.colcon_core.package_identification:_identify(node/node_modules/mp4box/src/parsing/trackgroups) by extensions ['ros']
[0.210s] Level 1:colcon.colcon_core.package_identification:_identify(node/node_modules/mp4box/src/parsing/trackgroups) by extension 'ros'
[0.210s] Level 1:colcon.colcon_core.package_identification:_identify(node/node_modules/mp4box/src/parsing/trackgroups) by extensions ['cmake', 'python']
[0.210s] Level 1:colcon.colcon_core.package_identification:_identify(node/node_modules/mp4box/src/parsing/trackgroups) by extension 'cmake'
[0.210s] Level 1:colcon.colcon_core.package_identification:_identify(node/node_modules/mp4box/src/parsing/trackgroups) by extension 'python'
[0.210s] Level 1:colcon.colcon_core.package_identification:_identify(node/node_modules/mp4box/src/parsing/trackgroups) by extensions ['python_setup_py']
[0.210s] Level 1:colcon.colcon_core.package_identification:_identify(node/node_modules/mp4box/src/parsing/trackgroups) by extension 'python_setup_py'
[0.210s] Level 1:colcon.colcon_core.package_identification:_identify(node/node_modules/mp4box/src/parsing/uuid) by extensions ['ignore', 'ignore_ament_install']
[0.210s] Level 1:colcon.colcon_core.package_identification:_identify(node/node_modules/mp4box/src/parsing/uuid) by extension 'ignore'
[0.210s] Level 1:colcon.colcon_core.package_identification:_identify(node/node_modules/mp4box/src/parsing/uuid) by extension 'ignore_ament_install'
[0.210s] Level 1:colcon.colcon_core.package_identification:_identify(node/node_modules/mp4box/src/parsing/uuid) by extensions ['colcon_pkg']
[0.210s] Level 1:colcon.colcon_core.package_identification:_identify(node/node_modules/mp4box/src/parsing/uuid) by extension 'colcon_pkg'
[0.210s] Level 1:colcon.colcon_core.package_identification:_identify(node/node_modules/mp4box/src/parsing/uuid) by extensions ['colcon_meta']
[0.210s] Level 1:colcon.colcon_core.package_identification:_identify(node/node_modules/mp4box/src/parsing/uuid) by extension 'colcon_meta'
[0.210s] Level 1:colcon.colcon_core.package_identification:_identify(node/node_modules/mp4box/src/parsing/uuid) by extensions ['ros']
[0.210s] Level 1:colcon.colcon_core.package_identification:_identify(node/node_modules/mp4box/src/parsing/uuid) by extension 'ros'
[0.210s] Level 1:colcon.colcon_core.package_identification:_identify(node/node_modules/mp4box/src/parsing/uuid) by extensions ['cmake', 'python']
[0.211s] Level 1:colcon.colcon_core.package_identification:_identify(node/node_modules/mp4box/src/parsing/uuid) by extension 'cmake'
[0.211s] Level 1:colcon.colcon_core.package_identification:_identify(node/node_modules/mp4box/src/parsing/uuid) by extension 'python'
[0.211s] Level 1:colcon.colcon_core.package_identification:_identify(node/node_modules/mp4box/src/parsing/uuid) by extensions ['python_setup_py']
[0.211s] Level 1:colcon.colcon_core.package_identification:_identify(node/node_modules/mp4box/src/parsing/uuid) by extension 'python_setup_py'
[0.211s] Level 1:colcon.colcon_core.package_identification:_identify(node/node_modules/mp4box/src/parsing/uuid/piff) by extensions ['ignore', 'ignore_ament_install']
[0.211s] Level 1:colcon.colcon_core.package_identification:_identify(node/node_modules/mp4box/src/parsing/uuid/piff) by extension 'ignore'
[0.211s] Level 1:colcon.colcon_core.package_identification:_identify(node/node_modules/mp4box/src/parsing/uuid/piff) by extension 'ignore_ament_install'
[0.211s] Level 1:colcon.colcon_core.package_identification:_identify(node/node_modules/mp4box/src/parsing/uuid/piff) by extensions ['colcon_pkg']
[0.211s] Level 1:colcon.colcon_core.package_identification:_identify(node/node_modules/mp4box/src/parsing/uuid/piff) by extension 'colcon_pkg'
[0.211s] Level 1:colcon.colcon_core.package_identification:_identify(node/node_modules/mp4box/src/parsing/uuid/piff) by extensions ['colcon_meta']
[0.211s] Level 1:colcon.colcon_core.package_identification:_identify(node/node_modules/mp4box/src/parsing/uuid/piff) by extension 'colcon_meta'
[0.211s] Level 1:colcon.colcon_core.package_identification:_identify(node/node_modules/mp4box/src/parsing/uuid/piff) by extensions ['ros']
[0.211s] Level 1:colcon.colcon_core.package_identification:_identify(node/node_modules/mp4box/src/parsing/uuid/piff) by extension 'ros'
[0.211s] Level 1:colcon.colcon_core.package_identification:_identify(node/node_modules/mp4box/src/parsing/uuid/piff) by extensions ['cmake', 'python']
[0.211s] Level 1:colcon.colcon_core.package_identification:_identify(node/node_modules/mp4box/src/parsing/uuid/piff) by extension 'cmake'
[0.211s] Level 1:colcon.colcon_core.package_identification:_identify(node/node_modules/mp4box/src/parsing/uuid/piff) by extension 'python'
[0.211s] Level 1:colcon.colcon_core.package_identification:_identify(node/node_modules/mp4box/src/parsing/uuid/piff) by extensions ['python_setup_py']
[0.211s] Level 1:colcon.colcon_core.package_identification:_identify(node/node_modules/mp4box/src/parsing/uuid/piff) by extension 'python_setup_py'
[0.211s] Level 1:colcon.colcon_core.package_identification:_identify(node/node_modules/mp4box/src/writing) by extensions ['ignore', 'ignore_ament_install']
[0.211s] Level 1:colcon.colcon_core.package_identification:_identify(node/node_modules/mp4box/src/writing) by extension 'ignore'
[0.211s] Level 1:colcon.colcon_core.package_identification:_identify(node/node_modules/mp4box/src/writing) by extension 'ignore_ament_install'
[0.212s] Level 1:colcon.colcon_core.package_identification:_identify(node/node_modules/mp4box/src/writing) by extensions ['colcon_pkg']
[0.212s] Level 1:colcon.colcon_core.package_identification:_identify(node/node_modules/mp4box/src/writing) by extension 'colcon_pkg'
[0.212s] Level 1:colcon.colcon_core.package_identification:_identify(node/node_modules/mp4box/src/writing) by extensions ['colcon_meta']
[0.212s] Level 1:colcon.colcon_core.package_identification:_identify(node/node_modules/mp4box/src/writing) by extension 'colcon_meta'
[0.212s] Level 1:colcon.colcon_core.package_identification:_identify(node/node_modules/mp4box/src/writing) by extensions ['ros']
[0.212s] Level 1:colcon.colcon_core.package_identification:_identify(node/node_modules/mp4box/src/writing) by extension 'ros'
[0.212s] Level 1:colcon.colcon_core.package_identification:_identify(node/node_modules/mp4box/src/writing) by extensions ['cmake', 'python']
[0.212s] Level 1:colcon.colcon_core.package_identification:_identify(node/node_modules/mp4box/src/writing) by extension 'cmake'
[0.212s] Level 1:colcon.colcon_core.package_identification:_identify(node/node_modules/mp4box/src/writing) by extension 'python'
[0.212s] Level 1:colcon.colcon_core.package_identification:_identify(node/node_modules/mp4box/src/writing) by extensions ['python_setup_py']
[0.212s] Level 1:colcon.colcon_core.package_identification:_identify(node/node_modules/mp4box/src/writing) by extension 'python_setup_py'
[0.212s] Level 1:colcon.colcon_core.package_identification:_identify(node/node_modules/mp4box/src/writing/samplegroups) by extensions ['ignore', 'ignore_ament_install']
[0.212s] Level 1:colcon.colcon_core.package_identification:_identify(node/node_modules/mp4box/src/writing/samplegroups) by extension 'ignore'
[0.212s] Level 1:colcon.colcon_core.package_identification:_identify(node/node_modules/mp4box/src/writing/samplegroups) by extension 'ignore_ament_install'
[0.212s] Level 1:colcon.colcon_core.package_identification:_identify(node/node_modules/mp4box/src/writing/samplegroups) by extensions ['colcon_pkg']
[0.212s] Level 1:colcon.colcon_core.package_identification:_identify(node/node_modules/mp4box/src/writing/samplegroups) by extension 'colcon_pkg'
[0.212s] Level 1:colcon.colcon_core.package_identification:_identify(node/node_modules/mp4box/src/writing/samplegroups) by extensions ['colcon_meta']
[0.212s] Level 1:colcon.colcon_core.package_identification:_identify(node/node_modules/mp4box/src/writing/samplegroups) by extension 'colcon_meta'
[0.212s] Level 1:colcon.colcon_core.package_identification:_identify(node/node_modules/mp4box/src/writing/samplegroups) by extensions ['ros']
[0.212s] Level 1:colcon.colcon_core.package_identification:_identify(node/node_modules/mp4box/src/writing/samplegroups) by extension 'ros'
[0.212s] Level 1:colcon.colcon_core.package_identification:_identify(node/node_modules/mp4box/src/writing/samplegroups) by extensions ['cmake', 'python']
[0.212s] Level 1:colcon.colcon_core.package_identification:_identify(node/node_modules/mp4box/src/writing/samplegroups) by extension 'cmake'
[0.212s] Level 1:colcon.colcon_core.package_identification:_identify(node/node_modules/mp4box/src/writing/samplegroups) by extension 'python'
[0.212s] Level 1:colcon.colcon_core.package_identification:_identify(node/node_modules/mp4box/src/writing/samplegroups) by extensions ['python_setup_py']
[0.212s] Level 1:colcon.colcon_core.package_identification:_identify(node/node_modules/mp4box/src/writing/samplegroups) by extension 'python_setup_py'
[0.213s] Level 1:colcon.colcon_core.package_identification:_identify(notebooks) by extensions ['ignore', 'ignore_ament_install']
[0.213s] Level 1:colcon.colcon_core.package_identification:_identify(notebooks) by extension 'ignore'
[0.213s] Level 1:colcon.colcon_core.package_identification:_identify(notebooks) by extension 'ignore_ament_install'
[0.213s] Level 1:colcon.colcon_core.package_identification:_identify(notebooks) by extensions ['colcon_pkg']
[0.213s] Level 1:colcon.colcon_core.package_identification:_identify(notebooks) by extension 'colcon_pkg'
[0.213s] Level 1:colcon.colcon_core.package_identification:_identify(notebooks) by extensions ['colcon_meta']
[0.213s] Level 1:colcon.colcon_core.package_identification:_identify(notebooks) by extension 'colcon_meta'
[0.213s] Level 1:colcon.colcon_core.package_identification:_identify(notebooks) by extensions ['ros']
[0.213s] Level 1:colcon.colcon_core.package_identification:_identify(notebooks) by extension 'ros'
[0.213s] Level 1:colcon.colcon_core.package_identification:_identify(notebooks) by extensions ['cmake', 'python']
[0.213s] Level 1:colcon.colcon_core.package_identification:_identify(notebooks) by extension 'cmake'
[0.213s] Level 1:colcon.colcon_core.package_identification:_identify(notebooks) by extension 'python'
[0.213s] Level 1:colcon.colcon_core.package_identification:_identify(notebooks) by extensions ['python_setup_py']
[0.213s] Level 1:colcon.colcon_core.package_identification:_identify(notebooks) by extension 'python_setup_py'
[0.213s] Level 1:colcon.colcon_core.package_identification:_identify(notes) by extensions ['ignore', 'ignore_ament_install']
[0.213s] Level 1:colcon.colcon_core.package_identification:_identify(notes) by extension 'ignore'
[0.213s] Level 1:colcon.colcon_core.package_identification:_identify(notes) by extension 'ignore_ament_install'
[0.213s] Level 1:colcon.colcon_core.package_identification:_identify(notes) by extensions ['colcon_pkg']
[0.213s] Level 1:colcon.colcon_core.package_identification:_identify(notes) by extension 'colcon_pkg'
[0.213s] Level 1:colcon.colcon_core.package_identification:_identify(notes) by extensions ['colcon_meta']
[0.213s] Level 1:colcon.colcon_core.package_identification:_identify(notes) by extension 'colcon_meta'
[0.213s] Level 1:colcon.colcon_core.package_identification:_identify(notes) by extensions ['ros']
[0.213s] Level 1:colcon.colcon_core.package_identification:_identify(notes) by extension 'ros'
[0.213s] Level 1:colcon.colcon_core.package_identification:_identify(notes) by extensions ['cmake', 'python']
[0.214s] Level 1:colcon.colcon_core.package_identification:_identify(notes) by extension 'cmake'
[0.214s] Level 1:colcon.colcon_core.package_identification:_identify(notes) by extension 'python'
[0.214s] Level 1:colcon.colcon_core.package_identification:_identify(notes) by extensions ['python_setup_py']
[0.214s] Level 1:colcon.colcon_core.package_identification:_identify(notes) by extension 'python_setup_py'
[0.214s] Level 1:colcon.colcon_core.package_identification:_identify(resources) by extensions ['ignore', 'ignore_ament_install']
[0.214s] Level 1:colcon.colcon_core.package_identification:_identify(resources) by extension 'ignore'
[0.214s] Level 1:colcon.colcon_core.package_identification:_identify(resources) by extension 'ignore_ament_install'
[0.214s] Level 1:colcon.colcon_core.package_identification:_identify(resources) by extensions ['colcon_pkg']
[0.214s] Level 1:colcon.colcon_core.package_identification:_identify(resources) by extension 'colcon_pkg'
[0.214s] Level 1:colcon.colcon_core.package_identification:_identify(resources) by extensions ['colcon_meta']
[0.214s] Level 1:colcon.colcon_core.package_identification:_identify(resources) by extension 'colcon_meta'
[0.214s] Level 1:colcon.colcon_core.package_identification:_identify(resources) by extensions ['ros']
[0.214s] Level 1:colcon.colcon_core.package_identification:_identify(resources) by extension 'ros'
[0.214s] Level 1:colcon.colcon_core.package_identification:_identify(resources) by extensions ['cmake', 'python']
[0.214s] Level 1:colcon.colcon_core.package_identification:_identify(resources) by extension 'cmake'
[0.214s] Level 1:colcon.colcon_core.package_identification:_identify(resources) by extension 'python'
[0.214s] Level 1:colcon.colcon_core.package_identification:_identify(resources) by extensions ['python_setup_py']
[0.214s] Level 1:colcon.colcon_core.package_identification:_identify(resources) by extension 'python_setup_py'
[0.214s] Level 1:colcon.colcon_core.package_identification:_identify(samples) by extensions ['ignore', 'ignore_ament_install']
[0.214s] Level 1:colcon.colcon_core.package_identification:_identify(samples) by extension 'ignore'
[0.214s] Level 1:colcon.colcon_core.package_identification:_identify(samples) by extension 'ignore_ament_install'
[0.214s] Level 1:colcon.colcon_core.package_identification:_identify(samples) by extensions ['colcon_pkg']
[0.214s] Level 1:colcon.colcon_core.package_identification:_identify(samples) by extension 'colcon_pkg'
[0.214s] Level 1:colcon.colcon_core.package_identification:_identify(samples) by extensions ['colcon_meta']
[0.214s] Level 1:colcon.colcon_core.package_identification:_identify(samples) by extension 'colcon_meta'
[0.214s] Level 1:colcon.colcon_core.package_identification:_identify(samples) by extensions ['ros']
[0.215s] Level 1:colcon.colcon_core.package_identification:_identify(samples) by extension 'ros'
[0.215s] Level 1:colcon.colcon_core.package_identification:_identify(samples) by extensions ['cmake', 'python']
[0.215s] Level 1:colcon.colcon_core.package_identification:_identify(samples) by extension 'cmake'
[0.215s] Level 1:colcon.colcon_core.package_identification:_identify(samples) by extension 'python'
[0.215s] Level 1:colcon.colcon_core.package_identification:_identify(samples) by extensions ['python_setup_py']
[0.215s] Level 1:colcon.colcon_core.package_identification:_identify(samples) by extension 'python_setup_py'
[0.215s] Level 1:colcon.colcon_core.package_identification:_identify(uav_py) by extensions ['ignore', 'ignore_ament_install']
[0.215s] Level 1:colcon.colcon_core.package_identification:_identify(uav_py) by extension 'ignore'
[0.215s] Level 1:colcon.colcon_core.package_identification:_identify(uav_py) by extension 'ignore_ament_install'
[0.215s] Level 1:colcon.colcon_core.package_identification:_identify(uav_py) by extensions ['colcon_pkg']
[0.215s] Level 1:colcon.colcon_core.package_identification:_identify(uav_py) by extension 'colcon_pkg'
[0.215s] Level 1:colcon.colcon_core.package_identification:_identify(uav_py) by extensions ['colcon_meta']
[0.215s] Level 1:colcon.colcon_core.package_identification:_identify(uav_py) by extension 'colcon_meta'
[0.215s] Level 1:colcon.colcon_core.package_identification:_identify(uav_py) by extensions ['ros']
[0.215s] Level 1:colcon.colcon_core.package_identification:_identify(uav_py) by extension 'ros'
[0.215s] Level 1:colcon.colcon_core.package_identification:_identify(uav_py) by extensions ['cmake', 'python']
[0.215s] Level 1:colcon.colcon_core.package_identification:_identify(uav_py) by extension 'cmake'
[0.215s] Level 1:colcon.colcon_core.package_identification:_identify(uav_py) by extension 'python'
[0.215s] Level 1:colcon.colcon_core.package_identification:_identify(uav_py) by extensions ['python_setup_py']
[0.215s] Level 1:colcon.colcon_core.package_identification:_identify(uav_py) by extension 'python_setup_py'
[0.215s] Level 1:colcon.colcon_core.package_identification:_identify(uav_py/__pycache__) by extensions ['ignore', 'ignore_ament_install']
[0.215s] Level 1:colcon.colcon_core.package_identification:_identify(uav_py/__pycache__) by extension 'ignore'
[0.215s] Level 1:colcon.colcon_core.package_identification:_identify(uav_py/__pycache__) by extension 'ignore_ament_install'
[0.215s] Level 1:colcon.colcon_core.package_identification:_identify(uav_py/__pycache__) by extensions ['colcon_pkg']
[0.216s] Level 1:colcon.colcon_core.package_identification:_identify(uav_py/__pycache__) by extension 'colcon_pkg'
[0.216s] Level 1:colcon.colcon_core.package_identification:_identify(uav_py/__pycache__) by extensions ['colcon_meta']
[0.216s] Level 1:colcon.colcon_core.package_identification:_identify(uav_py/__pycache__) by extension 'colcon_meta'
[0.216s] Level 1:colcon.colcon_core.package_identification:_identify(uav_py/__pycache__) by extensions ['ros']
[0.216s] Level 1:colcon.colcon_core.package_identification:_identify(uav_py/__pycache__) by extension 'ros'
[0.216s] Level 1:colcon.colcon_core.package_identification:_identify(uav_py/__pycache__) by extensions ['cmake', 'python']
[0.216s] Level 1:colcon.colcon_core.package_identification:_identify(uav_py/__pycache__) by extension 'cmake'
[0.216s] Level 1:colcon.colcon_core.package_identification:_identify(uav_py/__pycache__) by extension 'python'
[0.216s] Level 1:colcon.colcon_core.package_identification:_identify(uav_py/__pycache__) by extensions ['python_setup_py']
[0.216s] Level 1:colcon.colcon_core.package_identification:_identify(uav_py/__pycache__) by extension 'python_setup_py'
[0.216s] Level 1:colcon.colcon_core.package_identification:_identify(uav_py/lib) by extensions ['ignore', 'ignore_ament_install']
[0.216s] Level 1:colcon.colcon_core.package_identification:_identify(uav_py/lib) by extension 'ignore'
[0.216s] Level 1:colcon.colcon_core.package_identification:_identify(uav_py/lib) by extension 'ignore_ament_install'
[0.216s] Level 1:colcon.colcon_core.package_identification:_identify(uav_py/lib) by extensions ['colcon_pkg']
[0.216s] Level 1:colcon.colcon_core.package_identification:_identify(uav_py/lib) by extension 'colcon_pkg'
[0.216s] Level 1:colcon.colcon_core.package_identification:_identify(uav_py/lib) by extensions ['colcon_meta']
[0.216s] Level 1:colcon.colcon_core.package_identification:_identify(uav_py/lib) by extension 'colcon_meta'
[0.216s] Level 1:colcon.colcon_core.package_identification:_identify(uav_py/lib) by extensions ['ros']
[0.216s] Level 1:colcon.colcon_core.package_identification:_identify(uav_py/lib) by extension 'ros'
[0.216s] Level 1:colcon.colcon_core.package_identification:_identify(uav_py/lib) by extensions ['cmake', 'python']
[0.216s] Level 1:colcon.colcon_core.package_identification:_identify(uav_py/lib) by extension 'cmake'
[0.216s] Level 1:colcon.colcon_core.package_identification:_identify(uav_py/lib) by extension 'python'
[0.216s] Level 1:colcon.colcon_core.package_identification:_identify(uav_py/lib) by extensions ['python_setup_py']
[0.216s] Level 1:colcon.colcon_core.package_identification:_identify(uav_py/lib) by extension 'python_setup_py'
[0.216s] Level 1:colcon.colcon_core.package_identification:_identify(uav_py/lib/__pycache__) by extensions ['ignore', 'ignore_ament_install']
[0.217s] Level 1:colcon.colcon_core.package_identification:_identify(uav_py/lib/__pycache__) by extension 'ignore'
[0.217s] Level 1:colcon.colcon_core.package_identification:_identify(uav_py/lib/__pycache__) by extension 'ignore_ament_install'
[0.217s] Level 1:colcon.colcon_core.package_identification:_identify(uav_py/lib/__pycache__) by extensions ['colcon_pkg']
[0.217s] Level 1:colcon.colcon_core.package_identification:_identify(uav_py/lib/__pycache__) by extension 'colcon_pkg'
[0.217s] Level 1:colcon.colcon_core.package_identification:_identify(uav_py/lib/__pycache__) by extensions ['colcon_meta']
[0.217s] Level 1:colcon.colcon_core.package_identification:_identify(uav_py/lib/__pycache__) by extension 'colcon_meta'
[0.217s] Level 1:colcon.colcon_core.package_identification:_identify(uav_py/lib/__pycache__) by extensions ['ros']
[0.217s] Level 1:colcon.colcon_core.package_identification:_identify(uav_py/lib/__pycache__) by extension 'ros'
[0.217s] Level 1:colcon.colcon_core.package_identification:_identify(uav_py/lib/__pycache__) by extensions ['cmake', 'python']
[0.217s] Level 1:colcon.colcon_core.package_identification:_identify(uav_py/lib/__pycache__) by extension 'cmake'
[0.217s] Level 1:colcon.colcon_core.package_identification:_identify(uav_py/lib/__pycache__) by extension 'python'
[0.217s] Level 1:colcon.colcon_core.package_identification:_identify(uav_py/lib/__pycache__) by extensions ['python_setup_py']
[0.217s] Level 1:colcon.colcon_core.package_identification:_identify(uav_py/lib/__pycache__) by extension 'python_setup_py'
[0.217s] Level 1:colcon.colcon_core.package_identification:_identify(uav_py/lib/gen) by extensions ['ignore', 'ignore_ament_install']
[0.217s] Level 1:colcon.colcon_core.package_identification:_identify(uav_py/lib/gen) by extension 'ignore'
[0.217s] Level 1:colcon.colcon_core.package_identification:_identify(uav_py/lib/gen) by extension 'ignore_ament_install'
[0.217s] Level 1:colcon.colcon_core.package_identification:_identify(uav_py/lib/gen) by extensions ['colcon_pkg']
[0.217s] Level 1:colcon.colcon_core.package_identification:_identify(uav_py/lib/gen) by extension 'colcon_pkg'
[0.217s] Level 1:colcon.colcon_core.package_identification:_identify(uav_py/lib/gen) by extensions ['colcon_meta']
[0.217s] Level 1:colcon.colcon_core.package_identification:_identify(uav_py/lib/gen) by extension 'colcon_meta'
[0.217s] Level 1:colcon.colcon_core.package_identification:_identify(uav_py/lib/gen) by extensions ['ros']
[0.217s] Level 1:colcon.colcon_core.package_identification:_identify(uav_py/lib/gen) by extension 'ros'
[0.217s] Level 1:colcon.colcon_core.package_identification:_identify(uav_py/lib/gen) by extensions ['cmake', 'python']
[0.217s] Level 1:colcon.colcon_core.package_identification:_identify(uav_py/lib/gen) by extension 'cmake'
[0.217s] Level 1:colcon.colcon_core.package_identification:_identify(uav_py/lib/gen) by extension 'python'
[0.218s] Level 1:colcon.colcon_core.package_identification:_identify(uav_py/lib/gen) by extensions ['python_setup_py']
[0.218s] Level 1:colcon.colcon_core.package_identification:_identify(uav_py/lib/gen) by extension 'python_setup_py'
[0.218s] Level 1:colcon.colcon_core.package_identification:_identify(uav_py/lib/proto) by extensions ['ignore', 'ignore_ament_install']
[0.218s] Level 1:colcon.colcon_core.package_identification:_identify(uav_py/lib/proto) by extension 'ignore'
[0.218s] Level 1:colcon.colcon_core.package_identification:_identify(uav_py/lib/proto) by extension 'ignore_ament_install'
[0.218s] Level 1:colcon.colcon_core.package_identification:_identify(uav_py/lib/proto) by extensions ['colcon_pkg']
[0.218s] Level 1:colcon.colcon_core.package_identification:_identify(uav_py/lib/proto) by extension 'colcon_pkg'
[0.218s] Level 1:colcon.colcon_core.package_identification:_identify(uav_py/lib/proto) by extensions ['colcon_meta']
[0.218s] Level 1:colcon.colcon_core.package_identification:_identify(uav_py/lib/proto) by extension 'colcon_meta'
[0.218s] Level 1:colcon.colcon_core.package_identification:_identify(uav_py/lib/proto) by extensions ['ros']
[0.218s] Level 1:colcon.colcon_core.package_identification:_identify(uav_py/lib/proto) by extension 'ros'
[0.218s] Level 1:colcon.colcon_core.package_identification:_identify(uav_py/lib/proto) by extensions ['cmake', 'python']
[0.218s] Level 1:colcon.colcon_core.package_identification:_identify(uav_py/lib/proto) by extension 'cmake'
[0.218s] Level 1:colcon.colcon_core.package_identification:_identify(uav_py/lib/proto) by extension 'python'
[0.218s] Level 1:colcon.colcon_core.package_identification:_identify(uav_py/lib/proto) by extensions ['python_setup_py']
[0.218s] Level 1:colcon.colcon_core.package_identification:_identify(uav_py/lib/proto) by extension 'python_setup_py'
[0.218s] Level 1:colcon.colcon_core.package_identification:_identify(uav_py/lib/proto/__pycache__) by extensions ['ignore', 'ignore_ament_install']
[0.218s] Level 1:colcon.colcon_core.package_identification:_identify(uav_py/lib/proto/__pycache__) by extension 'ignore'
[0.218s] Level 1:colcon.colcon_core.package_identification:_identify(uav_py/lib/proto/__pycache__) by extension 'ignore_ament_install'
[0.218s] Level 1:colcon.colcon_core.package_identification:_identify(uav_py/lib/proto/__pycache__) by extensions ['colcon_pkg']
[0.218s] Level 1:colcon.colcon_core.package_identification:_identify(uav_py/lib/proto/__pycache__) by extension 'colcon_pkg'
[0.218s] Level 1:colcon.colcon_core.package_identification:_identify(uav_py/lib/proto/__pycache__) by extensions ['colcon_meta']
[0.218s] Level 1:colcon.colcon_core.package_identification:_identify(uav_py/lib/proto/__pycache__) by extension 'colcon_meta'
[0.218s] Level 1:colcon.colcon_core.package_identification:_identify(uav_py/lib/proto/__pycache__) by extensions ['ros']
[0.219s] Level 1:colcon.colcon_core.package_identification:_identify(uav_py/lib/proto/__pycache__) by extension 'ros'
[0.219s] Level 1:colcon.colcon_core.package_identification:_identify(uav_py/lib/proto/__pycache__) by extensions ['cmake', 'python']
[0.219s] Level 1:colcon.colcon_core.package_identification:_identify(uav_py/lib/proto/__pycache__) by extension 'cmake'
[0.219s] Level 1:colcon.colcon_core.package_identification:_identify(uav_py/lib/proto/__pycache__) by extension 'python'
[0.219s] Level 1:colcon.colcon_core.package_identification:_identify(uav_py/lib/proto/__pycache__) by extensions ['python_setup_py']
[0.219s] Level 1:colcon.colcon_core.package_identification:_identify(uav_py/lib/proto/__pycache__) by extension 'python_setup_py'
[0.219s] Level 1:colcon.colcon_core.package_discovery:discover_packages(recursive) using defaults
[0.219s] Level 1:colcon.colcon_core.package_discovery:discover_packages(ignore) discover
[0.219s] Level 1:colcon.colcon_core.package_discovery:discover_packages(ignore) using defaults
[0.219s] Level 1:colcon.colcon_core.package_discovery:discover_packages(path) discover
[0.219s] Level 1:colcon.colcon_core.package_discovery:discover_packages(path) using defaults
[0.234s] INFO:colcon.colcon_core.executor:Executing jobs using 'parallel' executor
[0.235s] DEBUG:colcon.colcon_parallel_executor.executor.parallel:run_until_complete
[0.235s] DEBUG:colcon.colcon_parallel_executor.executor.parallel:closing loop
[0.235s] DEBUG:colcon.colcon_parallel_executor.executor.parallel:loop closed
[0.235s] DEBUG:colcon.colcon_parallel_executor.executor.parallel:run_until_complete finished with '0'
[0.235s] DEBUG:colcon.colcon_core.event_reactor:joining thread
[0.248s] INFO:colcon.colcon_core.plugin_system:Skipping extension 'colcon_notification.desktop_notification.terminal_notifier': Not used on non-Darwin systems
[0.248s] INFO:colcon.colcon_core.plugin_system:Skipping extension 'colcon_notification.desktop_notification.win32': Not used on non-Windows systems
[0.248s] INFO:colcon.colcon_notification.desktop_notification:Sending desktop notification using 'notify2'
[0.249s] DEBUG:colcon.colcon_notification.desktop_notification.notify2:Failed to initialize notify2: org.freedesktop.DBus.Error.ServiceUnknown: The name is not activatable
[0.249s] DEBUG:colcon.colcon_core.event_reactor:joined thread
[0.253s] INFO:colcon.colcon_core.plugin_system:Skipping extension 'colcon_core.shell.bat': Not used on non-Windows systems
[0.254s] INFO:colcon.colcon_core.shell:Creating prefix script '/home/benoit/programmation/projects/uav/install/local_setup.ps1'
[0.255s] INFO:colcon.colcon_core.shell:Creating prefix util module '/home/benoit/programmation/projects/uav/install/_local_setup_util_ps1.py'
[0.257s] INFO:colcon.colcon_core.shell:Creating prefix chain script '/home/benoit/programmation/projects/uav/install/setup.ps1'
[0.260s] INFO:colcon.colcon_core.shell:Creating prefix script '/home/benoit/programmation/projects/uav/install/local_setup.sh'
[0.261s] INFO:colcon.colcon_core.shell:Creating prefix util module '/home/benoit/programmation/projects/uav/install/_local_setup_util_sh.py'
[0.261s] INFO:colcon.colcon_core.shell:Creating prefix chain script '/home/benoit/programmation/projects/uav/install/setup.sh'
[0.262s] INFO:colcon.colcon_core.shell:Creating prefix script '/home/benoit/programmation/projects/uav/install/local_setup.bash'
[0.262s] INFO:colcon.colcon_core.shell:Creating prefix chain script '/home/benoit/programmation/projects/uav/install/setup.bash'
[0.262s] INFO:colcon.colcon_core.shell:Creating prefix script '/home/benoit/programmation/projects/uav/install/local_setup.zsh'
[0.263s] INFO:colcon.colcon_core.shell:Creating prefix chain script '/home/benoit/programmation/projects/uav/install/setup.zsh'
